<?xml version="1.0" encoding="UTF-8"?>
<!-- Generated by org.testng.reporters.JUnitReportReporter -->
<testsuite hostname="PS-HP-O1GM2MU" failures="0" tests="1" name="variousConcepts.Task2" time="5.182" errors="0" timestamp="2023-06-18T23:59:23 CDT" skipped="0">
  <testcase classname="variousConcepts.Task2" name="addCategoryTest" time="5.182"/>
  <system-out/>
</testsuite> <!-- variousConcepts.Task2 -->
